#
# A fatal error has been detected by the Java Runtime Environment:
#
#  EXCEPTION_ACCESS_VIOLATION (0xc0000005) at pc=0x00007ffb5e97c1a6, pid=6204, tid=9312
#
# JRE version: OpenJDK Runtime Environment Temurin-21.0.3+9 (21.0.3+9) (build 21.0.3+9-LTS)
# Java VM: OpenJDK 64-Bit Server VM Temurin-21.0.3+9 (21.0.3+9-LTS, mixed mode, emulated-client, tiered, compressed oops, compressed class ptrs, g1 gc, windows-amd64)
# Problematic frame:
# V  [jvm.dll+0xc1a6]
#
# No core dump will be written. Minidumps are not enabled by default on client versions of Windows
#
# If you would like to submit a bug report, please visit:
#   https://github.com/adoptium/adoptium-support/issues
#

---------------  S U M M A R Y ------------

Command Line: -XX:+ShowCodeDetailsInExceptionMessages -agentlib:jdwp=transport=dt_socket,suspend=y,address=localhost:50010 -Dcom.sun.management.jmxremote -Dcom.sun.management.jmxremote.port=50009 -Dcom.sun.management.jmxremote.authenticate=false -Dcom.sun.management.jmxremote.ssl=false -Djava.rmi.server.hostname=localhost -Dspring.jmx.enabled=true -Dmanagement.endpoints.jmx.exposure.include=* -Dspring.application.admin.enabled=true -XX:TieredStopAtLevel=1 -Dspring.boot.project.name=demo -javaagent:C:\work.csh\sts-4.24.0.RELEASE\configuration\org.eclipse.osgi\270\0\.cp\lib\javaagent-shaded.jar -Dfile.encoding=UTF-8 -Dstdout.encoding=UTF-8 -Dstderr.encoding=UTF-8 com.example.demo.DemoApplication --spring.output.ansi.enabled=always

Host: 11th Gen Intel(R) Core(TM) i7-11700 @ 2.50GHz, 16 cores, 15G,  Windows 10 , 64 bit Build 19041 (10.0.19041.4597)
Time: Fri Aug  9 13:16:53 2024  Windows 10 , 64 bit Build 19041 (10.0.19041.4597) elapsed time: 13818.757568 seconds (0d 3h 50m 18s)

---------------  T H R E A D  ---------------

Current thread (0x0000027ef2579970):  WorkerThread "GC Thread#4"    [id=9312, stack(0x000000e8c1200000,0x000000e8c1300000) (1024K)]

Stack: [0x000000e8c1200000,0x000000e8c1300000],  sp=0x000000e8c12fde98,  free space=1015k
Native frames: (J=compiled Java code, j=interpreted, Vv=VM code, C=native code)
V  [jvm.dll+0xc1a6]

JavaThread 0x0000027ef3a96470 (nid = 2972) was being processed
Java frames: (J=compiled Java code, j=interpreted, Vv=VM code)
j  java.lang.invoke.DirectMethodHandle$Holder.newInvokeSpecial(Ljava/lang/Object;)Ljava/lang/Object;+15 java.base@21.0.3
J 879 c1 jdk.internal.reflect.DirectConstructorHandleAccessor.newInstance([Ljava/lang/Object;)Ljava/lang/Object; java.base@21.0.3 (130 bytes) @ 0x0000027ee188e5ec [0x0000027ee188e3e0+0x000000000000020c]
J 878 c1 java.lang.reflect.Constructor.newInstanceWithCaller([Ljava/lang/Object;ZLjava/lang/Class;)Ljava/lang/Object; java.base@21.0.3 (51 bytes) @ 0x0000027ee188a8bc [0x0000027ee188a7e0+0x00000000000000dc]
J 3433 c1 org.springframework.beans.BeanUtils.instantiateClass(Ljava/lang/reflect/Constructor;[Ljava/lang/Object;)Ljava/lang/Object; (208 bytes) @ 0x0000027ee1eac60c [0x0000027ee1eac080+0x000000000000058c]
J 5536 c1 org.springframework.beans.factory.support.SimpleInstantiationStrategy.instantiate(Lorg/springframework/beans/factory/support/RootBeanDefinition;Ljava/lang/String;Lorg/springframework/beans/factory/BeanFactory;)Ljava/lang/Object; (123 bytes) @ 0x0000027ee16edeec [0x0000027ee16eda20+0x00000000000004cc]
J 5535 c1 org.springframework.beans.factory.support.AbstractAutowireCapableBeanFactory.instantiateBean(Ljava/lang/String;Lorg/springframework/beans/factory/support/RootBeanDefinition;)Lorg/springframework/beans/BeanWrapper; (51 bytes) @ 0x0000027ee1f08674 [0x0000027ee1f085c0+0x00000000000000b4]
J 4723 c1 org.springframework.beans.factory.support.AbstractAutowireCapableBeanFactory.createBeanInstance(Ljava/lang/String;Lorg/springframework/beans/factory/support/RootBeanDefinition;[Ljava/lang/Object;)Lorg/springframework/beans/BeanWrapper; (245 bytes) @ 0x0000027ee1b86984 [0x0000027ee1b86340+0x0000000000000644]
J 4722 c1 org.springframework.beans.factory.support.AbstractAutowireCapableBeanFactory.doCreateBean(Ljava/lang/String;Lorg/springframework/beans/factory/support/RootBeanDefinition;[Ljava/lang/Object;)Ljava/lang/Object; (469 bytes) @ 0x0000027ee1b7ff4c [0x0000027ee1b7fda0+0x00000000000001ac]
J 4720 c1 org.springframework.beans.factory.support.AbstractAutowireCapableBeanFactory.createBean(Ljava/lang/String;Lorg/springframework/beans/factory/support/RootBeanDefinition;[Ljava/lang/Object;)Ljava/lang/Object; (214 bytes) @ 0x0000027ee1b888bc [0x0000027ee1b883c0+0x00000000000004fc]
J 4742 c1 org.springframework.beans.factory.support.AbstractBeanFactory$$Lambda+0x000000080033ca18.getObject()Ljava/lang/Object; (20 bytes) @ 0x0000027ee1b7e0bc [0x0000027ee1b7e020+0x000000000000009c]
J 4738 c1 org.springframework.beans.factory.support.DefaultSingletonBeanRegistry.getSingleton(Ljava/lang/String;Lorg/springframework/beans/factory/ObjectFactory;)Ljava/lang/Object; (279 bytes) @ 0x0000027ee1b7be3c [0x0000027ee1b7bae0+0x000000000000035c]
J 3055 c1 org.springframework.beans.factory.support.AbstractBeanFactory.doGetBean(Ljava/lang/String;Ljava/lang/Class;[Ljava/lang/Object;Z)Ljava/lang/Object; (787 bytes) @ 0x0000027ee1e099b4 [0x0000027ee1e09340+0x0000000000000674]
J 4092 c1 org.springframework.beans.factory.support.AbstractBeanFactory.getBean(Ljava/lang/String;)Ljava/lang/Object; (9 bytes) @ 0x0000027ee1fadeb4 [0x0000027ee1fade40+0x0000000000000074]
j  org.springframework.beans.factory.support.DefaultListableBeanFactory.preInstantiateSingletons()V+152
j  org.springframework.context.support.AbstractApplicationContext.finishBeanFactoryInitialization(Lorg/springframework/beans/factory/config/ConfigurableListableBeanFactory;)V+173
j  org.springframework.context.support.AbstractApplicationContext.refresh()V+94
j  org.springframework.boot.web.servlet.context.ServletWebServerApplicationContext.refresh()V+1
j  org.springframework.boot.SpringApplication.refresh(Lorg/springframework/context/ConfigurableApplicationContext;)V+1
j  org.springframework.boot.SpringApplication.refreshContext(Lorg/springframework/context/ConfigurableApplicationContext;)V+16
j  org.springframework.boot.SpringApplication.run([Ljava/lang/String;)Lorg/springframework/context/ConfigurableApplicationContext;+110
j  org.springframework.boot.SpringApplication.run([Ljava/lang/Class;[Ljava/lang/String;)Lorg/springframework/context/ConfigurableApplicationContext;+9
j  org.springframework.boot.SpringApplication.run(Ljava/lang/Class;[Ljava/lang/String;)Lorg/springframework/context/ConfigurableApplicationContext;+9
j  com.example.demo.DemoApplication.main([Ljava/lang/String;)V+3
j  java.lang.invoke.LambdaForm$DMH+0x00000008000c4c00.invokeStatic(Ljava/lang/Object;Ljava/lang/Object;)V+10 java.base@21.0.3
j  java.lang.invoke.LambdaForm$MH+0x00000008005a8000.invoke(Ljava/lang/Object;Ljava/lang/Object;Ljava/lang/Object;)Ljava/lang/Object;+33 java.base@21.0.3
J 4086 c1 jdk.internal.reflect.DirectMethodHandleAccessor.invoke(Ljava/lang/Object;[Ljava/lang/Object;)Ljava/lang/Object; java.base@21.0.3 (92 bytes) @ 0x0000027ee1fab8fc [0x0000027ee1fab540+0x00000000000003bc]
J 4122 c1 java.lang.reflect.Method.invoke(Ljava/lang/Object;[Ljava/lang/Object;)Ljava/lang/Object; java.base@21.0.3 (108 bytes) @ 0x0000027ee1fb7f74 [0x0000027ee1fb7d80+0x00000000000001f4]
j  org.springframework.boot.devtools.restart.RestartLauncher.run()V+47
v  ~StubRoutines::call_stub 0x0000027ee14410e7

siginfo: EXCEPTION_ACCESS_VIOLATION (0xc0000005), reading address 0x00000008ee3eefd7


Registers:
RAX=0x0000000000000000, RBX=0x0000000000000000, RCX=0x000000e8c06fdba0, RDX=0x000000e8c06fdba0
RSP=0x000000e8c12fde98, RBP=0x000000e8c12fe070, RSI=0x000000e8c12fe240, RDI=0x000000e8c06fdba0
R8 =0x00000008ee3eefcf, R9 =0x000000e8c06fdba0, R10=0x0000027ee1440000, R11=0x000000e8c12fe0e8
R12=0x0000027eed4d9da0, R13=0x000000e8c06fdba0, R14=0x0000027ef2d893b0, R15=0x00000008ee3eefcf
RIP=0x00007ffb5e97c1a6, EFLAGS=0x0000000000010206


Register to memory mapping:

RAX=0x0 is null
RBX=0x0 is null
RCX=0x000000e8c06fdba0 is pointing into the stack for thread: 0x0000027ef3a96470
RDX=0x000000e8c06fdba0 is pointing into the stack for thread: 0x0000027ef3a96470
RSP=0x000000e8c12fde98 points into unknown readable memory: 0x00007ffb5ecc440b | 0b 44 cc 5e fb 7f 00 00
RBP=0x000000e8c12fe070 points into unknown readable memory: 0x000000e8c12fe240 | 40 e2 2f c1 e8 00 00 00
RSI=0x000000e8c12fe240 points into unknown readable memory: 0x000000e8c06fdb98 | 98 db 6f c0 e8 00 00 00
RDI=0x000000e8c06fdba0 is pointing into the stack for thread: 0x0000027ef3a96470
R8 =0x00000008ee3eefcf is an unknown value
R9 =0x000000e8c06fdba0 is pointing into the stack for thread: 0x0000027ef3a96470
R10=0x0000027ee1440000 points into unknown readable memory: 0x0000000000000006 | 06 00 00 00 00 00 00 00
R11=0x000000e8c12fe0e8 points into unknown readable memory: 0x00007ffb5ec829ad | ad 29 c8 5e fb 7f 00 00
R12=0x0000027eed4d9da0 points into unknown readable memory: 0x4c280032c2e4ffff | ff ff e4 c2 32 00 28 4c
R13=0x000000e8c06fdba0 is pointing into the stack for thread: 0x0000027ef3a96470
R14=0x0000027ef2d893b0 points into unknown readable memory: 0x00007ffb5f391878 | 78 18 39 5f fb 7f 00 00
R15=0x00000008ee3eefcf is an unknown value

Top of Stack: (sp=0x000000e8c12fde98)
0x000000e8c12fde98:   00007ffb5ecc440b 0000027ee2519210
0x000000e8c12fdea8:   00007ffb5f007013 0000000000000322
0x000000e8c12fdeb8:   00007ffb5f0272ef 0000000000000322
0x000000e8c12fdec8:   000000000000001e 0000000000000001
0x000000e8c12fded8:   00007ffb5f1016c1 0000027edc1de880
0x000000e8c12fdee8:   0000000000000008 000000000000001e
0x000000e8c12fdef8:   0000000000000000 0000027ef2545580
0x000000e8c12fdf08:   0000027eed3614b0 0000027eed4d9da0
0x000000e8c12fdf18:   000000e8c06fdba0 000000e8c12fe240
0x000000e8c12fdf28:   000000e8c12fe070 0000027ef316bbe8
0x000000e8c12fdf38:   00007ffb5ecd2a14 000000e8c12fe000
0x000000e8c12fdf48:   000000e8c12fe240 0000027eed12e9a8
0x000000e8c12fdf58:   0000000000000000 0000027ef316bbe8
0x000000e8c12fdf68:   00007ffb5ec82f5b 0000000000000001
0x000000e8c12fdf78:   0000027eee3eefe0 0000027ef316bbe8
0x000000e8c12fdf88:   000000e8c12fe240 0000000fe1a90f01
0x000000e8c12fdf98:   0000027eee3eefe0 0000027ef2579970
0x000000e8c12fdfa8:   0000027e00000003 00000000000003d8
0x000000e8c12fdfb8:   0000027eed3614c0 0000027eed361898
0x000000e8c12fdfc8:   0000027eee3eefcf 0000027e000000b8
0x000000e8c12fdfd8:   0000027eee3eefe0 00007ffb5f388fa0
0x000000e8c12fdfe8:   000000e8c12fe240 000000e8bfcfecc8
0x000000e8c12fdff8:   0000000300000003 0000027eed4d9da0
0x000000e8c12fe008:   0000001300000001 0000000000000032
0x000000e8c12fe018:   000000010000000c 0000027eed12e9a8
0x000000e8c12fe028:   0000000000000000 0000027ef2306d14
0x000000e8c12fe038:   0000fbd200000006 0000000500000003
0x000000e8c12fe048:   0000ffff0968e000 00007ffb5f1c4c70
0x000000e8c12fe058:   000000e8bfcfecc8 000000e8bfcfecc8
0x000000e8c12fe068:   0000000000000000 000000e8c12fe240
0x000000e8c12fe078:   0000000000000000 000000e8bfcfecc8
0x000000e8c12fe088:   00007ffb5f025690 000000e8c12fe278 

Instructions: (pc=0x00007ffb5e97c1a6)
0x00007ffb5e97c0a6:   48 8b 05 c3 32 cc 00 48 8b 48 60 48 8b 04 d1 48
0x00007ffb5e97c0b6:   85 c0 75 08 48 8b 05 b7 32 cc 00 c3 48 8b 05 a7
0x00007ffb5e97c0c6:   32 cc 00 c3 cc cc cc cc cc cc 8b 05 e2 0e c1 00
0x00007ffb5e97c0d6:   c3 cc cc cc cc cc cc cc cc cc 0f b6 05 33 25 c1
0x00007ffb5e97c0e6:   00 48 8b d1 84 c0 74 16 44 8b 41 08 8b 0d c0 0e
0x00007ffb5e97c0f6:   c1 00 49 d3 e0 4c 03 05 ae 0e c1 00 eb 04 4c 8b
0x00007ffb5e97c106:   41 08 45 8b 48 08 45 85 c9 7e 0e 41 f6 c1 01 75
0x00007ffb5e97c116:   53 41 c1 f9 03 49 63 c1 c3 79 49 84 c0 41 b8 0c
0x00007ffb5e97c126:   00 00 00 8b 05 f9 1f c1 00 b9 10 00 00 00 41 0f
0x00007ffb5e97c136:   45 c8 ff c8 4c 63 c0 41 8b c1 48 c1 f8 10 0f b6
0x00007ffb5e97c146:   c0 48 63 14 11 41 8b c9 83 e1 3f 48 d3 e2 49 8d
0x00007ffb5e97c156:   0c 10 49 f7 d0 48 03 c1 49 c1 e8 03 48 c1 e8 03
0x00007ffb5e97c166:   49 23 c0 c3 49 8b 00 49 8b c8 48 ff a0 00 01 00
0x00007ffb5e97c176:   00 cc cc cc cc cc cc cc cc cc 8b 44 24 30 45 03
0x00007ffb5e97c186:   c9 44 2b 4c 24 28 83 c0 0b 44 03 ca 45 03 c8 41
0x00007ffb5e97c196:   03 c1 c3 cc cc cc cc cc cc cc 4c 8b c2 48 8b d1
0x00007ffb5e97c1a6:   45 8b 48 08 45 85 c9 7e 0e 41 f6 c1 01 75 56 41
0x00007ffb5e97c1b6:   c1 f9 03 49 63 c1 c3 79 4c 80 3d 54 24 c1 00 00
0x00007ffb5e97c1c6:   b8 0c 00 00 00 b9 10 00 00 00 0f 45 c8 8b 05 4f
0x00007ffb5e97c1d6:   1f c1 00 ff c8 4c 63 c0 41 8b c1 48 c1 f8 10 48
0x00007ffb5e97c1e6:   63 14 11 41 8b c9 83 e1 3f 0f b6 c0 48 d3 e2 49
0x00007ffb5e97c1f6:   8d 0c 10 49 f7 d0 48 03 c1 49 c1 e8 03 48 c1 e8
0x00007ffb5e97c206:   03 49 23 c0 c3 49 8b 00 49 8b c8 48 ff a0 00 01
0x00007ffb5e97c216:   00 00 cc cc cc cc cc cc cc cc 48 8b 41 08 0f b7
0x00007ffb5e97c226:   48 2c 0f b7 40 2a 83 c0 48 03 c1 c3 cc cc cc cc
0x00007ffb5e97c236:   cc cc cc cc cc cc cc cc cc cc 48 89 5c 24 08 57
0x00007ffb5e97c246:   48 83 ec 20 0f b6 05 6f 1a cc 00 48 8b fa 48 8b
0x00007ffb5e97c256:   d9 84 c0 74 4f 48 85 15 16 12 cc 00 74 38 48 8b
0x00007ffb5e97c266:   ca e8 a4 6b 8c 00 48 8b d0 48 85 db 74 25 48 85
0x00007ffb5e97c276:   c0 74 20 48 8b c7 f0 48 0f b1 13 74 16 48 85 05
0x00007ffb5e97c286:   ee 11 cc 00 74 0d 48 8b c8 f0 48 0f b1 13 48 3b
0x00007ffb5e97c296:   c1 75 ea 48 8b fa 48 8b c7 48 8b 5c 24 30 48 83 


Stack slot to memory mapping:

stack at sp + 0 slots: 0x00007ffb5ecc440b jvm.dll
stack at sp + 1 slots: 0x0000027ee2519210 is at entry_point+-432 in (nmethod*)0x0000027ee2519210
Compiled method (n/a) 13818766 9985     n 0       sun.nio.ch.Net::accept (native)
 total in heap  [0x0000027ee2519210,0x0000027ee2519630] = 1056
 relocation     [0x0000027ee2519370,0x0000027ee25193a8] = 56
 main code      [0x0000027ee25193c0,0x0000027ee251962e] = 622
 stub code      [0x0000027ee251962e,0x0000027ee2519630] = 2
stack at sp + 2 slots: 0x00007ffb5f007013 jvm.dll
stack at sp + 3 slots: 0x0000000000000322 is an unknown value
stack at sp + 4 slots: 0x00007ffb5f0272ef jvm.dll
stack at sp + 5 slots: 0x0000000000000322 is an unknown value
stack at sp + 6 slots: 0x000000000000001e is an unknown value
stack at sp + 7 slots: 0x0000000000000001 is an unknown value


---------------  P R O C E S S  ---------------

Threads class SMR info:
_java_thread_list=0x0000027ef2a78650, length=27, elements={
0x0000027eed2d2c70, 0x0000027eed320610, 0x0000027eed32de00, 0x0000027eed33ea90,
0x0000027eed35aa90, 0x0000027eed329080, 0x0000027eed329ae0, 0x0000027eed4b2ee0,
0x0000027eed5c3450, 0x0000027eed5ccc10, 0x0000027eed5d3270, 0x0000027ef22bb630,
0x0000027ef25029d0, 0x0000027ef2526b10, 0x0000027ef25e0060, 0x0000027ef25e32f0,
0x0000027ef25f7230, 0x0000027ef28084f0, 0x0000027ef3a91c40, 0x0000027ef3a92960,
0x0000027ef369a130, 0x0000027ef3699410, 0x0000027ef3a943a0, 0x0000027ef3a96470,
0x0000027ef3a97190, 0x0000027ef3a95750, 0x0000027ef3a950c0
}

Java Threads: ( => current thread )
  0x0000027eed2d2c70 JavaThread "Reference Handler"          daemon [_thread_blocked, id=1460, stack(0x000000e8bfd00000,0x000000e8bfe00000) (1024K)]
  0x0000027eed320610 JavaThread "Finalizer"                  daemon [_thread_blocked, id=11128, stack(0x000000e8bfe00000,0x000000e8bff00000) (1024K)]
  0x0000027eed32de00 JavaThread "Signal Dispatcher"          daemon [_thread_blocked, id=7268, stack(0x000000e8bff00000,0x000000e8c0000000) (1024K)]
  0x0000027eed33ea90 JavaThread "Attach Listener"            daemon [_thread_blocked, id=6000, stack(0x000000e8c0000000,0x000000e8c0100000) (1024K)]
  0x0000027eed35aa90 JavaThread "Service Thread"             daemon [_thread_blocked, id=8896, stack(0x000000e8c0100000,0x000000e8c0200000) (1024K)]
  0x0000027eed329080 JavaThread "Monitor Deflation Thread"   daemon [_thread_blocked, id=6164, stack(0x000000e8c0200000,0x000000e8c0300000) (1024K)]
  0x0000027eed329ae0 JavaThread "C1 CompilerThread0"         daemon [_thread_blocked, id=11208, stack(0x000000e8c0300000,0x000000e8c0400000) (1024K)]
  0x0000027eed4b2ee0 JavaThread "Common-Cleaner"             daemon [_thread_blocked, id=7772, stack(0x000000e8c0500000,0x000000e8c0600000) (1024K)]
  0x0000027eed5c3450 JavaThread "JDWP Transport Listener: dt_socket" daemon [_thread_blocked, id=10544, stack(0x000000e8c0700000,0x000000e8c0800000) (1024K)]
  0x0000027eed5ccc10 JavaThread "JDWP Event Helper Thread"   daemon [_thread_blocked, id=8152, stack(0x000000e8c0800000,0x000000e8c0900000) (1024K)]
  0x0000027eed5d3270 JavaThread "JDWP Command Reader"        daemon [_thread_in_native, id=9320, stack(0x000000e8c0900000,0x000000e8c0a00000) (1024K)]
  0x0000027ef22bb630 JavaThread "Notification Thread"        daemon [_thread_blocked, id=4148, stack(0x000000e8c0a00000,0x000000e8c0b00000) (1024K)]
  0x0000027ef25029d0 JavaThread "RMI TCP Accept-0"           daemon [_thread_in_native, id=6136, stack(0x000000e8c0c00000,0x000000e8c0d00000) (1024K)]
  0x0000027ef2526b10 JavaThread "RMI TCP Accept-50009"       daemon [_thread_in_native, id=10688, stack(0x000000e8c0d00000,0x000000e8c0e00000) (1024K)]
  0x0000027ef25e0060 JavaThread "RMI Scheduler(0)"           daemon [_thread_blocked, id=12220, stack(0x000000e8c1800000,0x000000e8c1900000) (1024K)]
  0x0000027ef25e32f0 JavaThread "RMI TCP Accept-0"           daemon [_thread_in_native, id=5808, stack(0x000000e8c1900000,0x000000e8c1a00000) (1024K)]
  0x0000027ef25f7230 JavaThread "RMI TCP Connection(234)-127.0.0.1" daemon [_thread_in_native, id=7112, stack(0x000000e8c1a00000,0x000000e8c1b00000) (1024K)]
  0x0000027ef28084f0 JavaThread "JMX server connection timeout 48" daemon [_thread_blocked, id=8448, stack(0x000000e8c1b00000,0x000000e8c1c00000) (1024K)]
  0x0000027ef3a91c40 JavaThread "Live Reload Server"         daemon [_thread_in_native, id=11964, stack(0x000000e8c2b00000,0x000000e8c2c00000) (1024K)]
  0x0000027ef3a92960 JavaThread "DestroyJavaVM"                     [_thread_blocked, id=11132, stack(0x000000e8bf500000,0x000000e8bf600000) (1024K)]
  0x0000027ef369a130 JavaThread "File Watcher"               daemon [_thread_blocked, id=4176, stack(0x000000e8bf400000,0x000000e8bf500000) (1024K)]
  0x0000027ef3699410 JavaThread "File Watcher"               daemon [_thread_blocked, id=1512, stack(0x000000e8c0400000,0x000000e8c0500000) (1024K)]
  0x0000027ef3a943a0 JavaThread "Thread-137"                        [_thread_blocked, id=6780, stack(0x000000e8bf200000,0x000000e8bf300000) (1024K)]
  0x0000027ef3a96470 JavaThread "restartedMain"                     [_thread_blocked, id=2972, stack(0x000000e8c0600000,0x000000e8c0700000) (1024K)]
  0x0000027ef3a97190 JavaThread "Catalina-utility-1"                [_thread_blocked, id=9260, stack(0x000000e8c0b00000,0x000000e8c0c00000) (1024K)]
  0x0000027ef3a95750 JavaThread "Catalina-utility-2"                [_thread_blocked, id=9152, stack(0x000000e8c0e00000,0x000000e8c0f00000) (1024K)]
  0x0000027ef3a950c0 JavaThread "container-2"                       [_thread_blocked, id=12836, stack(0x000000e8c1c00000,0x000000e8c1d00000) (1024K)]
Total: 27

Other Threads:
  0x0000027eed258c90 VMThread "VM Thread"                           [id=5232, stack(0x000000e8bfc00000,0x000000e8bfd00000) (1024K)]
  0x0000027eed20c070 WatcherThread "VM Periodic Task Thread"        [id=3060, stack(0x000000e8bfb00000,0x000000e8bfc00000) (1024K)]
  0x0000027edc18e9d0 WorkerThread "GC Thread#0"                     [id=3328, stack(0x000000e8bf600000,0x000000e8bf700000) (1024K)]
  0x0000027ef25450d0 WorkerThread "GC Thread#1"                     [id=9416, stack(0x000000e8c0f00000,0x000000e8c1000000) (1024K)]
  0x0000027ef2545880 WorkerThread "GC Thread#2"                     [id=4948, stack(0x000000e8c1000000,0x000000e8c1100000) (1024K)]
  0x0000027ef2554650 WorkerThread "GC Thread#3"                     [id=3688, stack(0x000000e8c1100000,0x000000e8c1200000) (1024K)]
=>0x0000027ef2579970 WorkerThread "GC Thread#4"                     [id=9312, stack(0x000000e8c1200000,0x000000e8c1300000) (1024K)]
  0x0000027ef25783b0 WorkerThread "GC Thread#5"                     [id=1860, stack(0x000000e8c1300000,0x000000e8c1400000) (1024K)]
  0x0000027ef2578af0 WorkerThread "GC Thread#6"                     [id=2172, stack(0x000000e8c1400000,0x000000e8c1500000) (1024K)]
  0x0000027ef2579d10 WorkerThread "GC Thread#7"                     [id=2736, stack(0x000000e8c1500000,0x000000e8c1600000) (1024K)]
  0x0000027ef2578750 WorkerThread "GC Thread#8"                     [id=2976, stack(0x000000e8c1600000,0x000000e8c1700000) (1024K)]
  0x0000027ef2579230 WorkerThread "GC Thread#9"                     [id=4316, stack(0x000000e8c1700000,0x000000e8c1800000) (1024K)]
  0x0000027ef25795d0 WorkerThread "GC Thread#10"                    [id=8512, stack(0x000000e8c1e00000,0x000000e8c1f00000) (1024K)]
  0x0000027ef2578e90 WorkerThread "GC Thread#11"                    [id=9676, stack(0x000000e8c1f00000,0x000000e8c2000000) (1024K)]
  0x0000027ef2c4a460 WorkerThread "GC Thread#12"                    [id=10540, stack(0x000000e8c2000000,0x000000e8c2100000) (1024K)]
  0x0000027edc1a18b0 ConcurrentGCThread "G1 Main Marker"            [id=11116, stack(0x000000e8bf700000,0x000000e8bf800000) (1024K)]
  0x0000027edc1a22c0 WorkerThread "G1 Conc#0"                       [id=2416, stack(0x000000e8bf800000,0x000000e8bf900000) (1024K)]
  0x0000027ef2c483c0 WorkerThread "G1 Conc#1"                       [id=4788, stack(0x000000e8c2100000,0x000000e8c2200000) (1024K)]
  0x0000027ef2c4aba0 WorkerThread "G1 Conc#2"                       [id=2380, stack(0x000000e8c2200000,0x000000e8c2300000) (1024K)]
  0x0000027eed0d01d0 ConcurrentGCThread "G1 Refine#0"               [id=2844, stack(0x000000e8bf900000,0x000000e8bfa00000) (1024K)]
  0x0000027eed0d1a00 ConcurrentGCThread "G1 Service"                [id=11184, stack(0x000000e8bfa00000,0x000000e8bfb00000) (1024K)]
Total: 21

Threads with active compile tasks:
Total: 0

VM state: at safepoint (normal execution)

VM Mutex/Monitor currently owned by a thread:  ([mutex/lock_event])
[0x00007ffb5f612128] Threads_lock - owner thread: 0x0000027eed258c90
[0x00007ffb5f612228] Heap_lock - owner thread: 0x0000027ef369a130

Heap address: 0x0000000701800000, size: 4072 MB, Compressed Oops mode: Zero based, Oop shift amount: 3

CDS archive(s) not mapped
Compressed class space mapped at: 0x0000000800000000-0x0000000840000000, reserved size: 1073741824
Narrow klass base: 0x0000000800000000, Narrow klass shift: 0, Narrow klass range: 0x40000000

GC Precious Log:
 CardTable entry size: 512
 Card Set container configuration: InlinePtr #cards 4 size 8 Array Of Cards #cards 16 size 48 Howl #buckets 8 coarsen threshold 3686 Howl Bitmap #cards 512 size 80 coarsen threshold 460 Card regions per heap region 1 cards per card region 4096
 CPUs: 16 total, 16 available
 Memory: 16281M
 Large Page Support: Disabled
 NUMA Support: Disabled
 Compressed Oops: Enabled (Zero based)
 Heap Region Size: 2M
 Heap Min Capacity: 8M
 Heap Initial Capacity: 256M
 Heap Max Capacity: 4072M
 Pre-touch: Disabled
 Parallel Workers: 13
 Concurrent Workers: 3
 Concurrent Refinement Workers: 13
 Periodic GC: Disabled

Heap:
 garbage-first heap   total 49152K, used 43084K [0x0000000701800000, 0x0000000800000000)
  region size 2048K, 16 young (32768K), 2 survivors (4096K)
 Metaspace       used 45126K, committed 45824K, reserved 1114112K
  class space    used 5521K, committed 5824K, reserved 1048576K

Heap Regions: E=young(eden), S=young(survivor), O=old, HS=humongous(starts), HC=humongous(continues), CS=collection set, F=free, TAMS=top-at-mark-start, PB=parsable bottom
|   0|0x0000000701800000, 0x00000007019ffff0, 0x0000000701a00000| 99%| O|  |TAMS 0x0000000701800000| PB 0x0000000701800000| Untracked 
|   1|0x0000000701a00000, 0x0000000701c00000, 0x0000000701c00000|100%| O|  |TAMS 0x0000000701a00000| PB 0x0000000701a00000| Untracked 
|   2|0x0000000701c00000, 0x0000000701dffff8, 0x0000000701e00000| 99%| O|  |TAMS 0x0000000701c00000| PB 0x0000000701c00000| Untracked 
|   3|0x0000000701e00000, 0x0000000701fffff0, 0x0000000702000000| 99%| O|  |TAMS 0x0000000701e00000| PB 0x0000000701e00000| Untracked 
|   4|0x0000000702000000, 0x00000007021fffe8, 0x0000000702200000| 99%| O|  |TAMS 0x0000000702000000| PB 0x0000000702000000| Untracked 
|   5|0x0000000702200000, 0x00000007023fe030, 0x0000000702400000| 99%| O|  |TAMS 0x0000000702200000| PB 0x0000000702200000| Untracked 
|   6|0x0000000702400000, 0x00000007024bc398, 0x0000000702600000| 36%| O|  |TAMS 0x0000000702400000| PB 0x0000000702400000| Untracked 
|   7|0x0000000702600000, 0x0000000702758fd0, 0x0000000702800000| 67%| O|  |TAMS 0x0000000702600000| PB 0x0000000702600000| Untracked 
|   8|0x0000000702800000, 0x0000000702895ac0, 0x0000000702a00000| 29%| S|  |TAMS 0x0000000702800000| PB 0x0000000702800000| Complete 
|   9|0x0000000702a00000, 0x0000000702c00000, 0x0000000702c00000|100%| S|  |TAMS 0x0000000702a00000| PB 0x0000000702a00000| Complete 
|  10|0x0000000702c00000, 0x0000000702e00000, 0x0000000702e00000|100%| E|CS|TAMS 0x0000000702c00000| PB 0x0000000702c00000| Complete 
|  11|0x0000000702e00000, 0x0000000703000000, 0x0000000703000000|100%| E|CS|TAMS 0x0000000702e00000| PB 0x0000000702e00000| Complete 
|  12|0x0000000703000000, 0x0000000703200000, 0x0000000703200000|100%| E|CS|TAMS 0x0000000703000000| PB 0x0000000703000000| Complete 
|  13|0x0000000703200000, 0x0000000703400000, 0x0000000703400000|100%| E|CS|TAMS 0x0000000703200000| PB 0x0000000703200000| Complete 
|  14|0x0000000703400000, 0x0000000703600000, 0x0000000703600000|100%| E|CS|TAMS 0x0000000703400000| PB 0x0000000703400000| Complete 
|  15|0x0000000703600000, 0x0000000703800000, 0x0000000703800000|100%| E|CS|TAMS 0x0000000703600000| PB 0x0000000703600000| Complete 
|  16|0x0000000703800000, 0x0000000703a00000, 0x0000000703a00000|100%| E|CS|TAMS 0x0000000703800000| PB 0x0000000703800000| Complete 
|  17|0x0000000703a00000, 0x0000000703c00000, 0x0000000703c00000|100%| E|CS|TAMS 0x0000000703a00000| PB 0x0000000703a00000| Complete 
|  18|0x0000000703c00000, 0x0000000703e00000, 0x0000000703e00000|100%| E|CS|TAMS 0x0000000703c00000| PB 0x0000000703c00000| Complete 
|  19|0x0000000703e00000, 0x0000000704000000, 0x0000000704000000|100%| E|CS|TAMS 0x0000000703e00000| PB 0x0000000703e00000| Complete 
|  20|0x0000000704000000, 0x0000000704200000, 0x0000000704200000|100%| E|CS|TAMS 0x0000000704000000| PB 0x0000000704000000| Complete 
|  21|0x0000000704200000, 0x0000000704400000, 0x0000000704400000|100%| E|CS|TAMS 0x0000000704200000| PB 0x0000000704200000| Complete 
|  22|0x0000000704400000, 0x0000000704600000, 0x0000000704600000|100%| E|CS|TAMS 0x0000000704400000| PB 0x0000000704400000| Complete 
|  23|0x0000000704600000, 0x0000000704800000, 0x0000000704800000|100%| E|CS|TAMS 0x0000000704600000| PB 0x0000000704600000| Complete 

Card table byte_map: [0x0000027ee5a20000,0x0000027ee6220000] _byte_map_base: 0x0000027ee2214000

Marking Bits: (CMBitMap*) 0x0000027edc18efe0
 Bits: [0x0000027ee6220000, 0x0000027eea1c0000)

Polling page: 0x0000027edbe20000

Metaspace:

Usage:
  Non-class:     38.68 MB used.
      Class:      5.39 MB used.
       Both:     44.07 MB used.

Virtual space:
  Non-class space:       64.00 MB reserved,      39.06 MB ( 61%) committed,  1 nodes.
      Class space:        1.00 GB reserved,       5.69 MB ( <1%) committed,  1 nodes.
             Both:        1.06 GB reserved,      44.75 MB (  4%) committed. 

Chunk freelists:
   Non-Class:  8.85 MB
       Class:  10.22 MB
        Both:  19.08 MB

MaxMetaspaceSize: unlimited
CompressedClassSpaceSize: 1.00 GB
Initial GC threshold: 21.00 MB
Current GC threshold: 74.38 MB
CDS: off
 - commit_granule_bytes: 65536.
 - commit_granule_words: 8192.
 - virtual_space_node_default_size: 8388608.
 - enlarge_chunks_in_place: 1.
 - use_allocation_guard: 0.


Internal statistics:

num_allocs_failed_limit: 6.
num_arena_births: 1746.
num_arena_deaths: 1040.
num_vsnodes_births: 2.
num_vsnodes_deaths: 0.
num_space_committed: 718.
num_space_uncommitted: 2.
num_chunks_returned_to_freelist: 1544.
num_chunks_taken_from_freelist: 3757.
num_chunk_merges: 296.
num_chunk_splits: 1726.
num_chunks_enlarged: 998.
num_inconsistent_stats: 0.

CodeCache: size=49152Kb used=13377Kb max_used=18372Kb free=35774Kb
 bounds [0x0000027ee1440000, 0x0000027ee2670000, 0x0000027ee4440000]
 total_blobs=6698 nmethods=6125 adapters=496
 compilation: enabled
              stopped_count=0, restarted_count=0
 full_count=0

Compilation events (20 events):
Event: 13548.284 Thread 0x0000027eed329ae0 10117       1       java.lang.invoke.LambdaFormBuffer::insertName (106 bytes)
Event: 13548.284 Thread 0x0000027eed329ae0 nmethod 10117 0x0000027ee18b1310 code [0x0000027ee18b14c0, 0x0000027ee18b1638]
Event: 13548.286 Thread 0x0000027eed329ae0 10118       1       java.lang.invoke.LambdaFormBuffer::endEdit (313 bytes)
Event: 13548.287 Thread 0x0000027eed329ae0 nmethod 10118 0x0000027ee24ec990 code [0x0000027ee24ecba0, 0x0000027ee24ed350]
Event: 13548.289 Thread 0x0000027eed329ae0 10119       1       java.lang.PublicMethods::toArray (76 bytes)
Event: 13548.289 Thread 0x0000027eed329ae0 nmethod 10119 0x0000027ee1603410 code [0x0000027ee1603600, 0x0000027ee16039d0]
Event: 13548.292 Thread 0x0000027eed329ae0 10120       1       java.util.logging.LogRecord::getLoggerName (5 bytes)
Event: 13548.292 Thread 0x0000027eed329ae0 nmethod 10120 0x0000027ee1d24710 code [0x0000027ee1d248a0, 0x0000027ee1d24970]
Event: 13548.292 Thread 0x0000027eed329ae0 10121       1       java.util.logging.LogRecord::getResourceBundle (5 bytes)
Event: 13548.292 Thread 0x0000027eed329ae0 nmethod 10121 0x0000027ee1d35490 code [0x0000027ee1d35620, 0x0000027ee1d356f0]
Event: 13548.292 Thread 0x0000027eed329ae0 10122       1       java.util.logging.LogRecord::getParameters (5 bytes)
Event: 13548.292 Thread 0x0000027eed329ae0 nmethod 10122 0x0000027ee1d77e10 code [0x0000027ee1d77fa0, 0x0000027ee1d78070]
Event: 13548.292 Thread 0x0000027eed329ae0 10123       1       java.util.logging.LogRecord::getThrown (5 bytes)
Event: 13548.292 Thread 0x0000027eed329ae0 nmethod 10123 0x0000027ee17f9e90 code [0x0000027ee17fa020, 0x0000027ee17fa0f0]
Event: 13548.293 Thread 0x0000027eed329ae0 10124       1       java.lang.invoke.LambdaFormBuffer::indexOf (25 bytes)
Event: 13548.293 Thread 0x0000027eed329ae0 nmethod 10124 0x0000027ee191c410 code [0x0000027ee191c5a0, 0x0000027ee191c6c0]
Event: 13548.293 Thread 0x0000027eed329ae0 10125       1       sun.invoke.util.Wrapper::forPrimitiveType (122 bytes)
Event: 13548.294 Thread 0x0000027eed329ae0 nmethod 10125 0x0000027ee24ebf10 code [0x0000027ee24ec180, 0x0000027ee24ec710]
Event: 13548.301 Thread 0x0000027eed329ae0 10126       1       java.lang.invoke.MethodType::parameterType (7 bytes)
Event: 13548.301 Thread 0x0000027eed329ae0 nmethod 10126 0x0000027ee192d790 code [0x0000027ee192d920, 0x0000027ee192da18]

GC Heap History (20 events):
Event: 8388.002 GC heap after
{Heap after GC invocations=84 (full 32):
 garbage-first heap   total 49152K, used 18849K [0x0000000701800000, 0x0000000800000000)
  region size 2048K, 1 young (2048K), 1 survivors (2048K)
 Metaspace       used 45301K, committed 45952K, reserved 1114112K
  class space    used 5546K, committed 5824K, reserved 1048576K
}
Event: 9017.292 GC heap before
{Heap before GC invocations=84 (full 32):
 garbage-first heap   total 49152K, used 39329K [0x0000000701800000, 0x0000000800000000)
  region size 2048K, 11 young (22528K), 1 survivors (2048K)
 Metaspace       used 45301K, committed 45952K, reserved 1114112K
  class space    used 5546K, committed 5824K, reserved 1048576K
}
Event: 9017.295 GC heap after
{Heap after GC invocations=85 (full 32):
 garbage-first heap   total 49152K, used 18426K [0x0000000701800000, 0x0000000800000000)
  region size 2048K, 1 young (2048K), 1 survivors (2048K)
 Metaspace       used 45301K, committed 45952K, reserved 1114112K
  class space    used 5546K, committed 5824K, reserved 1048576K
}
Event: 9653.764 GC heap before
{Heap before GC invocations=85 (full 32):
 garbage-first heap   total 49152K, used 38906K [0x0000000701800000, 0x0000000800000000)
  region size 2048K, 11 young (22528K), 1 survivors (2048K)
 Metaspace       used 45301K, committed 45952K, reserved 1114112K
  class space    used 5546K, committed 5824K, reserved 1048576K
}
Event: 9653.767 GC heap after
{Heap after GC invocations=86 (full 32):
 garbage-first heap   total 49152K, used 18360K [0x0000000701800000, 0x0000000800000000)
  region size 2048K, 1 young (2048K), 1 survivors (2048K)
 Metaspace       used 45301K, committed 45952K, reserved 1114112K
  class space    used 5546K, committed 5824K, reserved 1048576K
}
Event: 10289.308 GC heap before
{Heap before GC invocations=86 (full 32):
 garbage-first heap   total 49152K, used 36792K [0x0000000701800000, 0x0000000800000000)
  region size 2048K, 11 young (22528K), 1 survivors (2048K)
 Metaspace       used 45301K, committed 45952K, reserved 1114112K
  class space    used 5546K, committed 5824K, reserved 1048576K
}
Event: 10289.311 GC heap after
{Heap after GC invocations=87 (full 32):
 garbage-first heap   total 49152K, used 18354K [0x0000000701800000, 0x0000000800000000)
  region size 2048K, 1 young (2048K), 1 survivors (2048K)
 Metaspace       used 45301K, committed 45952K, reserved 1114112K
  class space    used 5546K, committed 5824K, reserved 1048576K
}
Event: 10921.583 GC heap before
{Heap before GC invocations=87 (full 32):
 garbage-first heap   total 49152K, used 38834K [0x0000000701800000, 0x0000000800000000)
  region size 2048K, 11 young (22528K), 1 survivors (2048K)
 Metaspace       used 45301K, committed 45952K, reserved 1114112K
  class space    used 5546K, committed 5824K, reserved 1048576K
}
Event: 10921.586 GC heap after
{Heap after GC invocations=88 (full 32):
 garbage-first heap   total 49152K, used 18340K [0x0000000701800000, 0x0000000800000000)
  region size 2048K, 1 young (2048K), 1 survivors (2048K)
 Metaspace       used 45301K, committed 45952K, reserved 1114112K
  class space    used 5546K, committed 5824K, reserved 1048576K
}
Event: 11554.600 GC heap before
{Heap before GC invocations=88 (full 32):
 garbage-first heap   total 49152K, used 38820K [0x0000000701800000, 0x0000000800000000)
  region size 2048K, 11 young (22528K), 1 survivors (2048K)
 Metaspace       used 45301K, committed 45952K, reserved 1114112K
  class space    used 5546K, committed 5824K, reserved 1048576K
}
Event: 11554.603 GC heap after
{Heap after GC invocations=89 (full 32):
 garbage-first heap   total 49152K, used 18352K [0x0000000701800000, 0x0000000800000000)
  region size 2048K, 1 young (2048K), 1 survivors (2048K)
 Metaspace       used 45301K, committed 45952K, reserved 1114112K
  class space    used 5546K, committed 5824K, reserved 1048576K
}
Event: 12187.818 GC heap before
{Heap before GC invocations=89 (full 32):
 garbage-first heap   total 49152K, used 38832K [0x0000000701800000, 0x0000000800000000)
  region size 2048K, 11 young (22528K), 1 survivors (2048K)
 Metaspace       used 45301K, committed 45952K, reserved 1114112K
  class space    used 5546K, committed 5824K, reserved 1048576K
}
Event: 12187.821 GC heap after
{Heap after GC invocations=90 (full 32):
 garbage-first heap   total 49152K, used 18349K [0x0000000701800000, 0x0000000800000000)
  region size 2048K, 1 young (2048K), 1 survivors (2048K)
 Metaspace       used 45301K, committed 45952K, reserved 1114112K
  class space    used 5546K, committed 5824K, reserved 1048576K
}
Event: 12821.090 GC heap before
{Heap before GC invocations=90 (full 32):
 garbage-first heap   total 49152K, used 38829K [0x0000000701800000, 0x0000000800000000)
  region size 2048K, 11 young (22528K), 1 survivors (2048K)
 Metaspace       used 45301K, committed 45952K, reserved 1114112K
  class space    used 5546K, committed 5824K, reserved 1048576K
}
Event: 12821.093 GC heap after
{Heap after GC invocations=91 (full 32):
 garbage-first heap   total 49152K, used 18332K [0x0000000701800000, 0x0000000800000000)
  region size 2048K, 1 young (2048K), 1 survivors (2048K)
 Metaspace       used 45301K, committed 45952K, reserved 1114112K
  class space    used 5546K, committed 5824K, reserved 1048576K
}
Event: 13457.881 GC heap before
{Heap before GC invocations=91 (full 32):
 garbage-first heap   total 49152K, used 38812K [0x0000000701800000, 0x0000000800000000)
  region size 2048K, 11 young (22528K), 1 survivors (2048K)
 Metaspace       used 45301K, committed 45952K, reserved 1114112K
  class space    used 5546K, committed 5824K, reserved 1048576K
}
Event: 13457.884 GC heap after
{Heap after GC invocations=92 (full 32):
 garbage-first heap   total 49152K, used 18332K [0x0000000701800000, 0x0000000800000000)
  region size 2048K, 1 young (2048K), 1 survivors (2048K)
 Metaspace       used 45301K, committed 45952K, reserved 1114112K
  class space    used 5546K, committed 5824K, reserved 1048576K
}
Event: 13548.027 GC heap before
{Heap before GC invocations=92 (full 32):
 garbage-first heap   total 49152K, used 20380K [0x0000000701800000, 0x0000000800000000)
  region size 2048K, 3 young (6144K), 1 survivors (2048K)
 Metaspace       used 45306K, committed 45952K, reserved 1114112K
  class space    used 5548K, committed 5824K, reserved 1048576K
}
Event: 13548.048 GC heap after
{Heap after GC invocations=93 (full 33):
 garbage-first heap   total 49152K, used 14412K [0x0000000701800000, 0x0000000800000000)
  region size 2048K, 0 young (0K), 0 survivors (0K)
 Metaspace       used 45012K, committed 45824K, reserved 1114112K
  class space    used 5492K, committed 5824K, reserved 1048576K
}
Event: 13818.743 GC heap before
{Heap before GC invocations=93 (full 33):
 garbage-first heap   total 49152K, used 43084K [0x0000000701800000, 0x0000000800000000)
  region size 2048K, 14 young (28672K), 0 survivors (0K)
 Metaspace       used 45126K, committed 45824K, reserved 1114112K
  class space    used 5521K, committed 5824K, reserved 1048576K
}

Dll operation events (12 events):
Event: 0.015 Loaded shared library C:\work.csh\sts-4.24.0.RELEASE\plugins\org.eclipse.justj.openjdk.hotspot.jre.full.win32.x86_64_21.0.3.v20240426-1530\jre\bin\java.dll
Event: 0.018 Loaded shared library C:\work.csh\sts-4.24.0.RELEASE\plugins\org.eclipse.justj.openjdk.hotspot.jre.full.win32.x86_64_21.0.3.v20240426-1530\jre\bin\zip.dll
Event: 0.266 Loaded shared library C:\work.csh\sts-4.24.0.RELEASE\plugins\org.eclipse.justj.openjdk.hotspot.jre.full.win32.x86_64_21.0.3.v20240426-1530\jre\bin\instrument.dll
Event: 0.272 Loaded shared library C:\work.csh\sts-4.24.0.RELEASE\plugins\org.eclipse.justj.openjdk.hotspot.jre.full.win32.x86_64_21.0.3.v20240426-1530\jre\bin\net.dll
Event: 0.272 Loaded shared library C:\work.csh\sts-4.24.0.RELEASE\plugins\org.eclipse.justj.openjdk.hotspot.jre.full.win32.x86_64_21.0.3.v20240426-1530\jre\bin\nio.dll
Event: 0.276 Loaded shared library C:\work.csh\sts-4.24.0.RELEASE\plugins\org.eclipse.justj.openjdk.hotspot.jre.full.win32.x86_64_21.0.3.v20240426-1530\jre\bin\zip.dll
Event: 0.342 Loaded shared library C:\work.csh\sts-4.24.0.RELEASE\plugins\org.eclipse.justj.openjdk.hotspot.jre.full.win32.x86_64_21.0.3.v20240426-1530\jre\bin\jimage.dll
Event: 0.375 Loaded shared library C:\work.csh\sts-4.24.0.RELEASE\plugins\org.eclipse.justj.openjdk.hotspot.jre.full.win32.x86_64_21.0.3.v20240426-1530\jre\bin\management.dll
Event: 0.381 Loaded shared library C:\work.csh\sts-4.24.0.RELEASE\plugins\org.eclipse.justj.openjdk.hotspot.jre.full.win32.x86_64_21.0.3.v20240426-1530\jre\bin\management_ext.dll
Event: 0.500 Loaded shared library C:\work.csh\sts-4.24.0.RELEASE\plugins\org.eclipse.justj.openjdk.hotspot.jre.full.win32.x86_64_21.0.3.v20240426-1530\jre\bin\extnet.dll
Event: 0.515 Loaded shared library C:\work.csh\sts-4.24.0.RELEASE\plugins\org.eclipse.justj.openjdk.hotspot.jre.full.win32.x86_64_21.0.3.v20240426-1530\jre\bin\verify.dll
Event: 1.067 Loaded shared library C:\work.csh\sts-4.24.0.RELEASE\plugins\org.eclipse.justj.openjdk.hotspot.jre.full.win32.x86_64_21.0.3.v20240426-1530\jre\bin\sunmscapi.dll

Deoptimization events (20 events):
Event: 13548.301 Thread 0x0000027ef3a96470 DEOPT PACKING pc=0x0000027ee1dce0ec sp=0x000000e8c06fcc50
Event: 13548.301 Thread 0x0000027ef3a96470 DEOPT UNPACKING pc=0x0000027ee14988e2 sp=0x000000e8c06fc188 mode 1
Event: 13548.301 Thread 0x0000027ef3a96470 DEOPT PACKING pc=0x0000027ee1dcf0f4 sp=0x000000e8c06fcd40
Event: 13548.301 Thread 0x0000027ef3a96470 DEOPT UNPACKING pc=0x0000027ee14988e2 sp=0x000000e8c06fc2f0 mode 1
Event: 13548.301 Thread 0x0000027ef3a96470 DEOPT PACKING pc=0x0000027ee1dd1d2c sp=0x000000e8c06fceb0
Event: 13548.301 Thread 0x0000027ef3a96470 DEOPT UNPACKING pc=0x0000027ee14988e2 sp=0x000000e8c06fc470 mode 1
Event: 13548.301 Thread 0x0000027ef3a96470 DEOPT PACKING pc=0x0000027ee1dce0ec sp=0x000000e8c06fcdc0
Event: 13548.301 Thread 0x0000027ef3a96470 DEOPT UNPACKING pc=0x0000027ee14988e2 sp=0x000000e8c06fc2f8 mode 1
Event: 13548.301 Thread 0x0000027ef3a96470 DEOPT PACKING pc=0x0000027ee1dcf0f4 sp=0x000000e8c06fceb0
Event: 13548.301 Thread 0x0000027ef3a96470 DEOPT UNPACKING pc=0x0000027ee14988e2 sp=0x000000e8c06fc460 mode 1
Event: 13548.301 Thread 0x0000027ef3a96470 DEOPT PACKING pc=0x0000027ee1dd1d2c sp=0x000000e8c06fd020
Event: 13548.301 Thread 0x0000027ef3a96470 DEOPT UNPACKING pc=0x0000027ee14988e2 sp=0x000000e8c06fc5e0 mode 1
Event: 13548.301 Thread 0x0000027ef3a96470 DEOPT PACKING pc=0x0000027ee1dce0ec sp=0x000000e8c06fc540
Event: 13548.301 Thread 0x0000027ef3a96470 DEOPT UNPACKING pc=0x0000027ee14988e2 sp=0x000000e8c06fba78 mode 1
Event: 13548.301 Thread 0x0000027ef3a96470 DEOPT PACKING pc=0x0000027ee1dcf0f4 sp=0x000000e8c06fc630
Event: 13548.301 Thread 0x0000027ef3a96470 DEOPT UNPACKING pc=0x0000027ee14988e2 sp=0x000000e8c06fbbe0 mode 1
Event: 13548.301 Thread 0x0000027ef3a96470 DEOPT PACKING pc=0x0000027ee1dd1d2c sp=0x000000e8c06fc7a0
Event: 13548.301 Thread 0x0000027ef3a96470 DEOPT UNPACKING pc=0x0000027ee14988e2 sp=0x000000e8c06fbd60 mode 1
Event: 13767.521 Thread 0x0000027ef3a96470 DEOPT PACKING pc=0x0000027ee188ddb4 sp=0x000000e8c06fdba0
Event: 13767.521 Thread 0x0000027ef3a96470 DEOPT UNPACKING pc=0x0000027ee14988e2 sp=0x000000e8c06fd058 mode 0

Classes loaded (20 events):
Event: 521.850 Loading class java/util/stream/ReferencePipeline$4$1
Event: 521.850 Loading class java/util/stream/ReferencePipeline$4$1 done
Event: 521.853 Loading class java/io/PrintWriter$1
Event: 521.853 Loading class jdk/internal/access/JavaIOPrintWriterAccess
Event: 521.853 Loading class jdk/internal/access/JavaIOPrintWriterAccess done
Event: 521.854 Loading class java/io/PrintWriter$1 done
Event: 521.854 Loading class java/lang/Throwable$WrappedPrintWriter
Event: 521.854 Loading class java/lang/Throwable$WrappedPrintWriter done
Event: 3048.417 Loading class java/time/DurationEditor
Event: 3048.417 Loading class java/time/DurationEditor done
Event: 3351.121 Loading class jdk/internal/loader/BootLoader$PackageHelper
Event: 3351.121 Loading class jdk/internal/loader/BootLoader$PackageHelper done
Event: 6638.559 Loading class java/time/DurationEditor
Event: 6638.559 Loading class java/time/DurationEditor done
Event: 6642.277 Loading class org/w3c/dom/Node
Event: 6642.277 Loading class org/w3c/dom/Node done
Event: 6642.277 Loading class org/w3c/dom/Document
Event: 6642.277 Loading class org/w3c/dom/Document done
Event: 7478.543 Loading class java/lang/invoke/MethodHandleImpl$CountingWrapper$1
Event: 7478.543 Loading class java/lang/invoke/MethodHandleImpl$CountingWrapper$1 done

Classes unloaded (20 events):
Event: 13548.033 Thread 0x0000027eed258c90 Unloading class 0x00000008005be400 'java/lang/invoke/LambdaForm$DMH+0x00000008005be400'
Event: 13548.033 Thread 0x0000027eed258c90 Unloading class 0x00000008005bc800 'java/lang/invoke/LambdaForm$DMH+0x00000008005bc800'
Event: 13548.033 Thread 0x0000027eed258c90 Unloading class 0x00000008005a5000 'com/example/demo/controller/Article'
Event: 13548.033 Thread 0x0000027eed258c90 Unloading class 0x000000080014b438 'com/example/demo/DemoApplication$$SpringCGLIB$$0'
Event: 13548.033 Thread 0x0000027eed258c90 Unloading class 0x000000080014b200 'com/example/demo/controller/UsrHomeController'
Event: 13548.033 Thread 0x0000027eed258c90 Unloading class 0x000000080014b000 'com/example/demo/DemoApplication'
Event: 13548.033 Thread 0x0000027eed258c90 Unloading class 0x0000000800524400 'java/lang/invoke/LambdaForm$MH+0x0000000800524400'
Event: 13548.033 Thread 0x0000027eed258c90 Unloading class 0x00000008005a2000 'java/lang/invoke/LambdaForm$MH+0x00000008005a2000'
Event: 13548.033 Thread 0x0000027eed258c90 Unloading class 0x000000080040e800 'java/lang/invoke/LambdaForm$DMH+0x000000080040e800'
Event: 13548.033 Thread 0x0000027eed258c90 Unloading class 0x00000008005a4800 'java/lang/invoke/LambdaForm$MH+0x00000008005a4800'
Event: 13548.033 Thread 0x0000027eed258c90 Unloading class 0x0000000800511c00 'java/lang/invoke/LambdaForm$MH+0x0000000800511c00'
Event: 13548.033 Thread 0x0000027eed258c90 Unloading class 0x00000008005ab000 'java/lang/invoke/LambdaForm$MH+0x00000008005ab000'
Event: 13548.033 Thread 0x0000027eed258c90 Unloading class 0x0000000800328400 'java/lang/invoke/LambdaForm$MH+0x0000000800328400'
Event: 13548.033 Thread 0x0000027eed258c90 Unloading class 0x0000000800444c00 'java/lang/invoke/LambdaForm$MH+0x0000000800444c00'
Event: 13548.033 Thread 0x0000027eed258c90 Unloading class 0x000000080040a000 'java/lang/invoke/LambdaForm$MH+0x000000080040a000'
Event: 13548.033 Thread 0x0000027eed258c90 Unloading class 0x00000008005af800 'java/lang/invoke/LambdaForm$MH+0x00000008005af800'
Event: 13548.033 Thread 0x0000027eed258c90 Unloading class 0x00000008005ab800 'com/example/demo/controller/Article'
Event: 13548.033 Thread 0x0000027eed258c90 Unloading class 0x0000000800518c38 'com/example/demo/DemoApplication$$SpringCGLIB$$0'
Event: 13548.033 Thread 0x0000027eed258c90 Unloading class 0x0000000800518a00 'com/example/demo/controller/UsrHomeController'
Event: 13548.033 Thread 0x0000027eed258c90 Unloading class 0x0000000800518800 'com/example/demo/DemoApplication'

Classes redefined (6 events):
Event: 50.469 Thread 0x0000027eed258c90 redefined class name=com.example.demo.controller.UsrHomeController, count=1
Event: 494.874 Thread 0x0000027eed258c90 redefined class name=com.example.demo.controller.UsrHomeController, count=1
Event: 494.874 Thread 0x0000027eed258c90 redefined class name=com.example.demo.controller.UsrHomeController, count=2
Event: 494.874 Thread 0x0000027eed258c90 redefined class name=com.example.demo.controller.UsrHomeController, count=1
Event: 494.874 Thread 0x0000027eed258c90 redefined class name=com.example.demo.controller.UsrHomeController, count=1
Event: 494.874 Thread 0x0000027eed258c90 redefined class name=com.example.demo.controller.UsrHomeController, count=1

Internal exceptions (20 events):
Event: 7978.298 Thread 0x0000027ef3a90f20 Exception <a 'java/lang/NoClassDefFoundError'{0x000000070397f838}: org/flywaydb/core/Flyway> (0x000000070397f838) 
thrown [s\src\hotspot\share\oops\constantPool.cpp, line 873]
Event: 7978.299 Thread 0x0000027ef3a90f20 Exception <a 'java/lang/NoClassDefFoundError'{0x000000070397fe98}: liquibase/integration/spring/SpringLiquibase> (0x000000070397fe98) 
thrown [s\src\hotspot\share\oops\constantPool.cpp, line 873]
Event: 7978.315 Thread 0x0000027ef3a90f20 Exception <a 'java/io/FileNotFoundException'{0x000000070352df20}> (0x000000070352df20) 
thrown [s\src\hotspot\share\prims\jni.cpp, line 520]
Event: 7978.319 Thread 0x0000027ef3a90f20 Exception <a 'java/io/FileNotFoundException'{0x00000007035ef778}> (0x00000007035ef778) 
thrown [s\src\hotspot\share\prims\jni.cpp, line 520]
Event: 7992.982 Thread 0x0000027ef3a98540 Exception <a 'java/lang/InterruptedException'{0x00000007040353c0}: sleep interrupted> (0x00000007040353c0) 
thrown [s\src\hotspot\share\prims\jvm.cpp, line 3074]
Event: 7993.011 Thread 0x0000027ef369a7c0 Exception <a 'sun/nio/fs/WindowsException'{0x000000070466df78}> (0x000000070466df78) 
thrown [s\src\hotspot\share\prims\jni.cpp, line 520]
Event: 7993.121 Thread 0x0000027ef369a7c0 Exception <a 'java/lang/NoClassDefFoundError'{0x0000000703992118}: org/flywaydb/core/Flyway> (0x0000000703992118) 
thrown [s\src\hotspot\share\oops\constantPool.cpp, line 873]
Event: 7993.121 Thread 0x0000027ef369a7c0 Exception <a 'java/lang/NoClassDefFoundError'{0x0000000703992778}: liquibase/integration/spring/SpringLiquibase> (0x0000000703992778) 
thrown [s\src\hotspot\share\oops\constantPool.cpp, line 873]
Event: 7993.139 Thread 0x0000027ef369a7c0 Exception <a 'java/io/FileNotFoundException'{0x000000070353f9b8}> (0x000000070353f9b8) 
thrown [s\src\hotspot\share\prims\jni.cpp, line 520]
Event: 7993.143 Thread 0x0000027ef369a7c0 Exception <a 'java/io/FileNotFoundException'{0x00000007035ef6e8}> (0x00000007035ef6e8) 
thrown [s\src\hotspot\share\prims\jni.cpp, line 520]
Event: 8101.181 Thread 0x0000027ef25f7230 Exception <a 'java/lang/NoSuchMethodError'{0x0000000703f1e7b0}: static [B.<clinit>()V> (0x0000000703f1e7b0) 
thrown [s\src\hotspot\share\prims\jni.cpp, line 1111]
Event: 13548.027 Thread 0x0000027ef369c200 Exception <a 'java/lang/InterruptedException'{0x00000007045d1580}: sleep interrupted> (0x00000007045d1580) 
thrown [s\src\hotspot\share\prims\jvm.cpp, line 3074]
Event: 13548.057 Thread 0x0000027ef3a96470 Exception <a 'sun/nio/fs/WindowsException'{0x000000070469cd00}> (0x000000070469cd00) 
thrown [s\src\hotspot\share\prims\jni.cpp, line 520]
Event: 13548.169 Thread 0x0000027ef3a96470 Exception <a 'java/lang/NoClassDefFoundError'{0x000000070368e2d8}: org/flywaydb/core/Flyway> (0x000000070368e2d8) 
thrown [s\src\hotspot\share\oops\constantPool.cpp, line 873]
Event: 13548.273 Thread 0x0000027ef3a96470 Exception <a 'java/lang/NoClassDefFoundError'{0x000000070368e938}: liquibase/integration/spring/SpringLiquibase> (0x000000070368e938) 
thrown [s\src\hotspot\share\oops\constantPool.cpp, line 873]
Event: 13548.276 Thread 0x0000027ef3a96470 Exception <a 'java/lang/NoSuchMethodError'{0x00000007036fae20}: 'void java.lang.invoke.DelegatingMethodHandle$Holder.reinvoke_L(java.lang.Object, java.lang.Object, int)'> (0x00000007036fae20) 
thrown [s\src\hotspot\share\interpreter\linkResolver.cpp, line 773]
Event: 13548.291 Thread 0x0000027ef3a96470 Exception <a 'java/lang/NoSuchMethodError'{0x00000007032deb18}: 'int java.lang.invoke.DirectMethodHandle$Holder.invokeVirtual(java.lang.Object, java.lang.Object, java.lang.Object, java.lang.Object)'> (0x00000007032deb18) 
thrown [s\src\hotspot\share\interpreter\linkResolver.cpp, line 773]
Event: 13548.291 Thread 0x0000027ef3a96470 Exception <a 'java/lang/NoSuchMethodError'{0x00000007032e20e0}: 'int java.lang.invoke.DelegatingMethodHandle$Holder.reinvoke_L(java.lang.Object, java.lang.Object, java.lang.Object, java.lang.Object)'> (0x00000007032e20e0) 
thrown [s\src\hotspot\share\interpreter\linkResolver.cpp, line 773]
Event: 13548.295 Thread 0x0000027ef3a96470 Exception <a 'java/io/FileNotFoundException'{0x0000000703330028}> (0x0000000703330028) 
thrown [s\src\hotspot\share\prims\jni.cpp, line 520]
Event: 13548.299 Thread 0x0000027ef3a96470 Exception <a 'java/io/FileNotFoundException'{0x00000007033e9ea8}> (0x00000007033e9ea8) 
thrown [s\src\hotspot\share\prims\jni.cpp, line 520]

ZGC Phase Switch (0 events):
No events

VM Operations (20 events):
Event: 13549.285 Executing VM operation: get/set locals done
Event: 13549.285 Executing VM operation: get/set locals
Event: 13549.285 Executing VM operation: get/set locals done
Event: 13549.286 Executing VM operation: get/set locals
Event: 13549.286 Executing VM operation: get/set locals done
Event: 13549.286 Executing VM operation: get/set locals
Event: 13549.286 Executing VM operation: get/set locals done
Event: 13587.843 Executing VM operation: HandshakeAllThreads (HandshakeForDeflation)
Event: 13587.843 Executing VM operation: HandshakeAllThreads (HandshakeForDeflation) done
Event: 13587.843 Executing VM operation: RendezvousGCThreads
Event: 13587.843 Executing VM operation: RendezvousGCThreads done
Event: 13743.919 Executing VM operation: ChangeSingleStep
Event: 13743.919 Executing VM operation: ChangeSingleStep done
Event: 13743.920 Executing VM operation: ChangeSingleStep
Event: 13743.920 Executing VM operation: ChangeSingleStep done
Event: 13767.521 Executing VM operation: ChangeSingleStep
Event: 13767.521 Executing VM operation: ChangeSingleStep done
Event: 13767.521 Executing VM operation: ChangeSingleStep
Event: 13767.521 Executing VM operation: ChangeSingleStep done
Event: 13818.743 Executing VM operation: G1CollectForAllocation (G1 Evacuation Pause)

Events (20 events):
Event: 13548.038 Thread 0x0000027eed258c90 flushing nmethod 0x0000027ee1690990
Event: 13548.038 Thread 0x0000027eed258c90 flushing nmethod 0x0000027ee168a310
Event: 13548.038 Thread 0x0000027eed258c90 flushing nmethod 0x0000027ee1681a10
Event: 13548.038 Thread 0x0000027eed258c90 flushing nmethod 0x0000027ee1672290
Event: 13548.038 Thread 0x0000027eed258c90 flushing nmethod 0x0000027ee1662290
Event: 13548.038 Thread 0x0000027eed258c90 flushing nmethod 0x0000027ee1603710
Event: 13548.038 Thread 0x0000027eed258c90 flushing nmethod 0x0000027ee1603410
Event: 13548.038 Thread 0x0000027eed258c90 flushing nmethod 0x0000027ee15f0b90
Event: 13548.038 Thread 0x0000027eed258c90 flushing nmethod 0x0000027ee15e6790
Event: 13548.038 Thread 0x0000027eed258c90 flushing nmethod 0x0000027ee15d9190
Event: 13548.038 Thread 0x0000027eed258c90 flushing nmethod 0x0000027ee15bd590
Event: 13548.049 Thread 0x0000027ef369ae50 Thread exited: 0x0000027ef369ae50
Event: 13548.049 Thread 0x0000027ef3a90f20 Thread added: 0x0000027ef3a90f20
Event: 13548.049 Thread 0x0000027ef3a90f20 Thread exited: 0x0000027ef3a90f20
Event: 13548.049 Thread 0x0000027ef3a96470 Thread added: 0x0000027ef3a96470
Event: 13548.082 Thread 0x0000027ef3a922d0 Thread added: 0x0000027ef3a922d0
Event: 13548.103 Thread 0x0000027ef3a922d0 Thread exited: 0x0000027ef3a922d0
Event: 13548.300 Thread 0x0000027ef3a97190 Thread added: 0x0000027ef3a97190
Event: 13548.300 Thread 0x0000027ef3a95750 Thread added: 0x0000027ef3a95750
Event: 13548.300 Thread 0x0000027ef3a950c0 Thread added: 0x0000027ef3a950c0


Dynamic libraries:
0x00007ff7c3890000 - 0x00007ff7c389e000 	C:\work.csh\sts-4.24.0.RELEASE\plugins\org.eclipse.justj.openjdk.hotspot.jre.full.win32.x86_64_21.0.3.v20240426-1530\jre\bin\javaw.exe
0x00007ffbd1250000 - 0x00007ffbd1448000 	C:\Windows\SYSTEM32\ntdll.dll
0x00007ffbd09d0000 - 0x00007ffbd0a91000 	C:\Windows\System32\KERNEL32.DLL
0x00007ffbce9c0000 - 0x00007ffbcecb6000 	C:\Windows\System32\KERNELBASE.dll
0x00007ffbcecf0000 - 0x00007ffbcedf0000 	C:\Windows\System32\ucrtbase.dll
0x00007ffbb4b90000 - 0x00007ffbb4ba8000 	C:\work.csh\sts-4.24.0.RELEASE\plugins\org.eclipse.justj.openjdk.hotspot.jre.full.win32.x86_64_21.0.3.v20240426-1530\jre\bin\jli.dll
0x00007ffbb9400000 - 0x00007ffbb941b000 	C:\work.csh\sts-4.24.0.RELEASE\plugins\org.eclipse.justj.openjdk.hotspot.jre.full.win32.x86_64_21.0.3.v20240426-1530\jre\bin\VCRUNTIME140.dll
0x00007ffbd0ba0000 - 0x00007ffbd0d3f000 	C:\Windows\System32\USER32.dll
0x00007ffbcecc0000 - 0x00007ffbcece2000 	C:\Windows\System32\win32u.dll
0x00007ffbcf280000 - 0x00007ffbcf2ab000 	C:\Windows\System32\GDI32.dll
0x00007ffbb9e10000 - 0x00007ffbba0aa000 	C:\Windows\WinSxS\amd64_microsoft.windows.common-controls_6595b64144ccf1df_6.0.19041.4355_none_60b8b9eb71f62e16\COMCTL32.dll
0x00007ffbcef50000 - 0x00007ffbcf067000 	C:\Windows\System32\gdi32full.dll
0x00007ffbd0b00000 - 0x00007ffbd0b9e000 	C:\Windows\System32\msvcrt.dll
0x00007ffbcf1e0000 - 0x00007ffbcf27d000 	C:\Windows\System32\msvcp_win.dll
0x00007ffbd0030000 - 0x00007ffbd005f000 	C:\Windows\System32\IMM32.DLL
0x00007ffbb93f0000 - 0x00007ffbb93fc000 	C:\work.csh\sts-4.24.0.RELEASE\plugins\org.eclipse.justj.openjdk.hotspot.jre.full.win32.x86_64_21.0.3.v20240426-1530\jre\bin\vcruntime140_1.dll
0x00007ffba9b90000 - 0x00007ffba9c1e000 	C:\work.csh\sts-4.24.0.RELEASE\plugins\org.eclipse.justj.openjdk.hotspot.jre.full.win32.x86_64_21.0.3.v20240426-1530\jre\bin\msvcp140.dll
0x00007ffb5e970000 - 0x00007ffb5f6f2000 	C:\work.csh\sts-4.24.0.RELEASE\plugins\org.eclipse.justj.openjdk.hotspot.jre.full.win32.x86_64_21.0.3.v20240426-1530\jre\bin\server\jvm.dll
0x00007ffbd0e80000 - 0x00007ffbd0f30000 	C:\Windows\System32\ADVAPI32.dll
0x00007ffbcf5e0000 - 0x00007ffbcf680000 	C:\Windows\System32\sechost.dll
0x00007ffbcf4b0000 - 0x00007ffbcf5d3000 	C:\Windows\System32\RPCRT4.dll
0x00007ffbce900000 - 0x00007ffbce927000 	C:\Windows\System32\bcrypt.dll
0x00007ffbd01f0000 - 0x00007ffbd025b000 	C:\Windows\System32\WS2_32.dll
0x00007ffbcde80000 - 0x00007ffbcdecb000 	C:\Windows\SYSTEM32\POWRPROF.dll
0x00007ffbc6890000 - 0x00007ffbc68b7000 	C:\Windows\SYSTEM32\WINMM.dll
0x00007ffbc8ea0000 - 0x00007ffbc8eaa000 	C:\Windows\SYSTEM32\VERSION.dll
0x00007ffbcdcf0000 - 0x00007ffbcdd02000 	C:\Windows\SYSTEM32\UMPDC.dll
0x00007ffbcc7a0000 - 0x00007ffbcc7b2000 	C:\Windows\SYSTEM32\kernel.appcore.dll
0x00007ffbc96d0000 - 0x00007ffbc96da000 	C:\work.csh\sts-4.24.0.RELEASE\plugins\org.eclipse.justj.openjdk.hotspot.jre.full.win32.x86_64_21.0.3.v20240426-1530\jre\bin\jimage.dll
0x00007ffbc47b0000 - 0x00007ffbc4994000 	C:\Windows\SYSTEM32\DBGHELP.DLL
0x00007ffbaffc0000 - 0x00007ffbafff4000 	C:\Windows\SYSTEM32\dbgcore.DLL
0x00007ffbce930000 - 0x00007ffbce9b2000 	C:\Windows\System32\bcryptPrimitives.dll
0x00007ffbb4bd0000 - 0x00007ffbb4c0c000 	C:\work.csh\sts-4.24.0.RELEASE\plugins\org.eclipse.justj.openjdk.hotspot.jre.full.win32.x86_64_21.0.3.v20240426-1530\jre\bin\jdwp.dll
0x00007ffbc96b0000 - 0x00007ffbc96bf000 	C:\work.csh\sts-4.24.0.RELEASE\plugins\org.eclipse.justj.openjdk.hotspot.jre.full.win32.x86_64_21.0.3.v20240426-1530\jre\bin\instrument.dll
0x00007ffbb4c50000 - 0x00007ffbb4c6f000 	C:\work.csh\sts-4.24.0.RELEASE\plugins\org.eclipse.justj.openjdk.hotspot.jre.full.win32.x86_64_21.0.3.v20240426-1530\jre\bin\java.dll
0x00007ffbab390000 - 0x00007ffbab3a8000 	C:\work.csh\sts-4.24.0.RELEASE\plugins\org.eclipse.justj.openjdk.hotspot.jre.full.win32.x86_64_21.0.3.v20240426-1530\jre\bin\zip.dll
0x00007ffbd0260000 - 0x00007ffbd09cc000 	C:\Windows\System32\SHELL32.dll
0x00007ffbcc9a0000 - 0x00007ffbcd13e000 	C:\Windows\SYSTEM32\windows.storage.dll
0x00007ffbcf680000 - 0x00007ffbcf9d3000 	C:\Windows\System32\combase.dll
0x00007ffbce320000 - 0x00007ffbce34e000 	C:\Windows\SYSTEM32\Wldp.dll
0x00007ffbd0060000 - 0x00007ffbd012d000 	C:\Windows\System32\OLEAUT32.dll
0x00007ffbd0130000 - 0x00007ffbd01dd000 	C:\Windows\System32\SHCORE.dll
0x00007ffbd0aa0000 - 0x00007ffbd0af5000 	C:\Windows\System32\shlwapi.dll
0x00007ffbce830000 - 0x00007ffbce854000 	C:\Windows\SYSTEM32\profapi.dll
0x00007ffbcb8f0000 - 0x00007ffbcb8fb000 	C:\work.csh\sts-4.24.0.RELEASE\plugins\org.eclipse.justj.openjdk.hotspot.jre.full.win32.x86_64_21.0.3.v20240426-1530\jre\bin\dt_socket.dll
0x00007ffbcdd10000 - 0x00007ffbcdd4b000 	C:\Windows\SYSTEM32\IPHLPAPI.DLL
0x00007ffbce080000 - 0x00007ffbce0ea000 	C:\Windows\system32\mswsock.dll
0x00007ffbcdd50000 - 0x00007ffbcde1a000 	C:\Windows\SYSTEM32\DNSAPI.dll
0x00007ffbcf390000 - 0x00007ffbcf398000 	C:\Windows\System32\NSI.dll
0x00007ffbc8830000 - 0x00007ffbc883a000 	C:\Windows\System32\rasadhlp.dll
0x00007ffbc6de0000 - 0x00007ffbc6e60000 	C:\Windows\System32\fwpuclnt.dll
0x00007ffbc96a0000 - 0x00007ffbc96b0000 	C:\work.csh\sts-4.24.0.RELEASE\plugins\org.eclipse.justj.openjdk.hotspot.jre.full.win32.x86_64_21.0.3.v20240426-1530\jre\bin\net.dll
0x00007ffbcad20000 - 0x00007ffbcae2a000 	C:\Windows\SYSTEM32\WINHTTP.dll
0x00007ffbaa9d0000 - 0x00007ffbaa9e6000 	C:\work.csh\sts-4.24.0.RELEASE\plugins\org.eclipse.justj.openjdk.hotspot.jre.full.win32.x86_64_21.0.3.v20240426-1530\jre\bin\nio.dll
0x00007ffbb00f0000 - 0x00007ffbb00fa000 	C:\work.csh\sts-4.24.0.RELEASE\plugins\org.eclipse.justj.openjdk.hotspot.jre.full.win32.x86_64_21.0.3.v20240426-1530\jre\bin\management.dll
0x00007ffbaa9c0000 - 0x00007ffbaa9cb000 	C:\work.csh\sts-4.24.0.RELEASE\plugins\org.eclipse.justj.openjdk.hotspot.jre.full.win32.x86_64_21.0.3.v20240426-1530\jre\bin\management_ext.dll
0x00007ffbcf9e0000 - 0x00007ffbcf9e8000 	C:\Windows\System32\PSAPI.DLL
0x00007ffbc7590000 - 0x00007ffbc75a7000 	C:\Windows\system32\napinsp.dll
0x00007ffbc75b0000 - 0x00007ffbc75cb000 	C:\Windows\system32\pnrpnsp.dll
0x00007ffba7440000 - 0x00007ffba7455000 	C:\Windows\system32\wshbth.dll
0x00007ffbcb220000 - 0x00007ffbcb23d000 	C:\Windows\system32\NLAapi.dll
0x00007ffbcbfb0000 - 0x00007ffbcbfc2000 	C:\Windows\System32\winrnr.dll
0x00007ffbce270000 - 0x00007ffbce288000 	C:\Windows\SYSTEM32\CRYPTSP.dll
0x00007ffbcd930000 - 0x00007ffbcd964000 	C:\Windows\system32\rsaenh.dll
0x00007ffbce7a0000 - 0x00007ffbce7ce000 	C:\Windows\SYSTEM32\USERENV.dll
0x00007ffbce290000 - 0x00007ffbce29c000 	C:\Windows\SYSTEM32\CRYPTBASE.dll
0x00007ffbb1890000 - 0x00007ffbb1899000 	C:\work.csh\sts-4.24.0.RELEASE\plugins\org.eclipse.justj.openjdk.hotspot.jre.full.win32.x86_64_21.0.3.v20240426-1530\jre\bin\extnet.dll
0x00007ffbc91a0000 - 0x00007ffbc91b0000 	C:\work.csh\sts-4.24.0.RELEASE\plugins\org.eclipse.justj.openjdk.hotspot.jre.full.win32.x86_64_21.0.3.v20240426-1530\jre\bin\verify.dll
0x00007ffbc70d0000 - 0x00007ffbc70de000 	C:\work.csh\sts-4.24.0.RELEASE\plugins\org.eclipse.justj.openjdk.hotspot.jre.full.win32.x86_64_21.0.3.v20240426-1530\jre\bin\sunmscapi.dll
0x00007ffbcedf0000 - 0x00007ffbcef4e000 	C:\Windows\System32\CRYPT32.dll
0x00007ffbce390000 - 0x00007ffbce3b9000 	C:\Windows\SYSTEM32\ncrypt.dll
0x00007ffbce350000 - 0x00007ffbce38b000 	C:\Windows\SYSTEM32\NTASN1.dll
0x00007ffbc7620000 - 0x00007ffbc7627000 	C:\Windows\system32\wshunix.dll

dbghelp: loaded successfully - version: 4.0.5 - missing functions: none
symbol engine: initialized successfully - sym options: 0x614 - pdb path: .;C:\work.csh\sts-4.24.0.RELEASE\plugins\org.eclipse.justj.openjdk.hotspot.jre.full.win32.x86_64_21.0.3.v20240426-1530\jre\bin;C:\Windows\SYSTEM32;C:\Windows\WinSxS\amd64_microsoft.windows.common-controls_6595b64144ccf1df_6.0.19041.4355_none_60b8b9eb71f62e16;C:\work.csh\sts-4.24.0.RELEASE\plugins\org.eclipse.justj.openjdk.hotspot.jre.full.win32.x86_64_21.0.3.v20240426-1530\jre\bin\server

VM Arguments:
jvm_args: -XX:+ShowCodeDetailsInExceptionMessages -agentlib:jdwp=transport=dt_socket,suspend=y,address=localhost:50010 -Dcom.sun.management.jmxremote -Dcom.sun.management.jmxremote.port=50009 -Dcom.sun.management.jmxremote.authenticate=false -Dcom.sun.management.jmxremote.ssl=false -Djava.rmi.server.hostname=localhost -Dspring.jmx.enabled=true -Dmanagement.endpoints.jmx.exposure.include=* -Dspring.application.admin.enabled=true -XX:TieredStopAtLevel=1 -Dspring.boot.project.name=demo -javaagent:C:\work.csh\sts-4.24.0.RELEASE\configuration\org.eclipse.osgi\270\0\.cp\lib\javaagent-shaded.jar -Dfile.encoding=UTF-8 -Dstdout.encoding=UTF-8 -Dstderr.encoding=UTF-8 
java_command: com.example.demo.DemoApplication --spring.output.ansi.enabled=always
java_class_path (initial): C:\work.csh\sts-4.24.0.RELEASE-workspace\demo\target\classes;C:\Users\admin\.m2\repository\org\springframework\boot\spring-boot-starter-web\3.2.9-SNAPSHOT\spring-boot-starter-web-3.2.9-SNAPSHOT.jar;C:\Users\admin\.m2\repository\org\springframework\boot\spring-boot-starter\3.2.9-SNAPSHOT\spring-boot-starter-3.2.9-SNAPSHOT.jar;C:\Users\admin\.m2\repository\org\springframework\boot\spring-boot-starter-logging\3.2.9-SNAPSHOT\spring-boot-starter-logging-3.2.9-SNAPSHOT.jar;C:\Users\admin\.m2\repository\ch\qos\logback\logback-classic\1.4.14\logback-classic-1.4.14.jar;C:\Users\admin\.m2\repository\ch\qos\logback\logback-core\1.4.14\logback-core-1.4.14.jar;C:\Users\admin\.m2\repository\org\apache\logging\log4j\log4j-to-slf4j\2.21.1\log4j-to-slf4j-2.21.1.jar;C:\Users\admin\.m2\repository\org\apache\logging\log4j\log4j-api\2.21.1\log4j-api-2.21.1.jar;C:\Users\admin\.m2\repository\org\slf4j\jul-to-slf4j\2.0.13\jul-to-slf4j-2.0.13.jar;C:\Users\admin\.m2\repository\org\yaml\snakeyaml\2.2\snakeyaml-2.2.jar;C:\Users\admin\.m2\repository\org\springframework\boot\spring-boot-starter-json\3.2.9-SNAPSHOT\spring-boot-starter-json-3.2.9-SNAPSHOT.jar;C:\Users\admin\.m2\repository\com\fasterxml\jackson\core\jackson-databind\2.15.4\jackson-databind-2.15.4.jar;C:\Users\admin\.m2\repository\com\fasterxml\jackson\core\jackson-annotations\2.15.4\jackson-annotations-2.15.4.jar;C:\Users\admin\.m2\repository\com\fasterxml\jackson\core\jackson-core\2.15.4\jackson-core-2.15.4.jar;C:\Users\admin\.m2\repository\com\fasterxml\jackson\datatype\jackson-datatype-jdk8\2.15.4\jackson-datatype-jdk8-2.15.4.jar;C:\Users\admin\.m2\repository\com\fasterxml\jackson\datatype\jackson-datatype-jsr310\2.15.4\jackson-datatype-jsr310-2.15.4.jar;C:\Users\admin\.m2\repository\com\fasterxml\jackson\module\jackson-module-parameter-names\2.15.4\jackson-module-parameter-names-2.15.4.jar;C:\Users\admin\.m2\repository\org\springframework\spring-web\6.1.12-SNAPSHOT\spring-web-6.1.12-SNAPSHOT.jar;C:\Users\admin\.m2\repository\org\springframework\spring-beans\6.1.12-SNAPSHOT\spring-beans-6.1.12-SNAPSHOT.jar;C:\Users\admin\.m2\repository\io\micrometer\micrometer-observation\1.12.9-SNAPSHOT\micrometer-observation-1.12.9-SNAPSHOT.jar;C:\Users\admin\.m2\repository\io\micrometer\micrometer-commons\1.12.9-SNAPSHOT\micrometer-commons-1.12.9-SNAPSHOT.jar;C:\Users\admin\.m2\repository\org\springframework\spring-webmvc\6.1.12-SNAPSHOT\spring-webmvc-6.1.12-SNAPSHOT.jar;C:\Users\admin\.m2\repository\org\springframework\spring-aop\6.1.12-SNAPSHOT\spring-aop-6.1.12-SNAPSHOT.jar;C:\Users\admin\.m2\repository\org\springframework\spring-context\6.1.12-SNAPSHOT\spring-context-6.1.12-SNAPSHOT.jar;C:\Users\admin\.m2\repository\org\springframework\spring-expression\6.1.12-SNAPSHOT\spring-expression-6.1.12-SNAPSHOT.jar;C:\Users\admin\.m2\repository\org\springframework\boot\spring-boot-devtools\3.2.9-SNAPSHOT\spring-boot-devtools-3.2.9-SNAPSHOT.jar;C:\Users\admin\.m2\repository\org\springframework\boot\spring-boot\3.2.9-SNAPSHOT\spring-boot-3.2.9-SNAPSHOT.jar;C:\Users\admin\.m2\repository\org\springframework\boot\spring-boot-autoconfigure\3.2.9-SNAPSHOT\spring-boot-autoconfigure-3.2.9-SNAPSHOT.jar;C:\Users\admin\.m2\repository\org\projectlombok\lombok\1.18.34\lombok-1.18.34.jar;C:\Users\admin\.m2\repository\org\springframework\boot\spring-boot-starter-tomcat\3.2.9-SNAPSHOT\spring-boot-starter-tomcat-3.2.9-SNAPSHOT.jar;C:\Users\admin\.m2\repository\jakarta\annotation\jakarta.annotation-api\2.1.1\jakarta.annotation-api-2.1.1.jar;C:\Users\admin\.m2\repository\org\apache\tomcat\embed\tomcat-embed-core\10.1.26\tomcat-embed-core-10.1.26.jar;C:\Users\admin\.m2\repository\org\apache\tomcat\embed\tomcat-embed-el\10.1.26\tomcat-embed-el-10.1.26.jar;C:\Users\admin\.m2\repository\org\apache\tomcat\embed\tomcat-embed-websocket\10.1.26\tomcat-embed-websocket-10.1.26.jar;C:\Users\admin\.m2\repository\org\slf4j\slf4j-api\2.0.13\slf4j-api-2.0.13.jar;C:\Users\admin\.m2\repository\org\springframework\spring-core\6.1.12-SNAPSHOT\spring-core-6.1.12-SNAPSHOT.jar;C:\Users\admin\.m2\repository\org\springframework\spring-jcl\6.1.12-SNAPSHOT\spring-jcl-6.1.12-SNAPSHOT.jar
Launcher Type: SUN_STANDARD

[Global flags]
     intx CICompilerCount                          = 12                                        {product} {ergonomic}
     uint ConcGCThreads                            = 3                                         {product} {ergonomic}
     uint G1ConcRefinementThreads                  = 13                                        {product} {ergonomic}
   size_t G1HeapRegionSize                         = 2097152                                   {product} {ergonomic}
    uintx GCDrainStackTargetSize                   = 64                                        {product} {ergonomic}
   size_t InitialHeapSize                          = 268435456                                 {product} {ergonomic}
     bool ManagementServer                         = true                                      {product} {command line}
   size_t MarkStackSize                            = 4194304                                   {product} {ergonomic}
   size_t MaxHeapSize                              = 4269801472                                {product} {ergonomic}
   size_t MaxNewSize                               = 2560622592                                {product} {ergonomic}
   size_t MinHeapDeltaBytes                        = 2097152                                   {product} {ergonomic}
   size_t MinHeapSize                              = 8388608                                   {product} {ergonomic}
    uintx NonNMethodCodeHeapSize                   = 4096                                   {pd product} {ergonomic}
    uintx NonProfiledCodeHeapSize                  = 0                                      {pd product} {ergonomic}
     bool PerfDisableSharedMem                     = true                                      {product} {ergonomic}
     bool ProfileInterpreter                       = false                                  {pd product} {command line}
    uintx ProfiledCodeHeapSize                     = 0                                      {pd product} {ergonomic}
     bool ShowCodeDetailsInExceptionMessages       = true                                   {manageable} {command line}
   size_t SoftMaxHeapSize                          = 4269801472                             {manageable} {ergonomic}
     intx TieredStopAtLevel                        = 1                                         {product} {command line}
     bool UseCompressedOops                        = true                           {product lp64_product} {ergonomic}
     bool UseG1GC                                  = true                                      {product} {ergonomic}
     bool UseLargePagesIndividualAllocation        = false                                  {pd product} {ergonomic}

Logging:
Log output configuration:
 #0: stdout all=warning uptime,level,tags foldmultilines=false
 #1: stderr all=off uptime,level,tags foldmultilines=false

Environment Variables:
PATH=C:\work.csh\sts-4.24.0.RELEASE\plugins\org.eclipse.justj.openjdk.hotspot.jre.full.win32.x86_64_21.0.3.v20240426-1530\jre\bin;C:/work.csh/sts-4.24.0.RELEASE//plugins/org.eclipse.justj.openjdk.hotspot.jre.full.win32.x86_64_21.0.3.v20240426-1530/jre/bin/server;C:/work.csh/sts-4.24.0.RELEASE//plugins/org.eclipse.justj.openjdk.hotspot.jre.full.win32.x86_64_21.0.3.v20240426-1530/jre/bin;C:\Program Files (x86)\Common Files\Oracle\Java\javapath;C:\Program Files\Common Files\Oracle\Java\javapath;C:\Windows\system32;C:\Windows;C:\Windows\System32\Wbem;C:\Windows\System32\WindowsPowerShell\v1.0\;C:\Windows\System32\OpenSSH\;C:\Program Files\Bandizip\;C:\Program Files (x86)\Windows Kits\10\Windows Performance Toolkit\;C:\Program Files (x86)\NVIDIA Corporation\PhysX\Common;C:\Program Files\NVIDIA Corporation\NVIDIA NvDLISR;C:\Program Files\Git\cmd;C:\Users\admin\AppData\Local\Microsoft\WindowsApps;;C:\Program Files\JetBrains\IntelliJ IDEA 2024.1.3\bin;;C:\work.csh\sts-4.24.0.RELEASE;
USERNAME=admin
OS=Windows_NT
PROCESSOR_IDENTIFIER=Intel64 Family 6 Model 167 Stepping 1, GenuineIntel
TMP=C:\Users\admin\AppData\Local\Temp
TEMP=C:\Users\admin\AppData\Local\Temp




Periodic native trim disabled

---------------  S Y S T E M  ---------------

OS:
 Windows 10 , 64 bit Build 19041 (10.0.19041.4597)
OS uptime: 0 days 4:06 hours

CPU: total 16 (initial active 16) (8 cores per cpu, 2 threads per core) family 6 model 167 stepping 1 microcode 0x3c, cx8, cmov, fxsr, ht, mmx, 3dnowpref, sse, sse2, sse3, ssse3, sse4.1, sse4.2, popcnt, lzcnt, tsc, tscinvbit, avx, avx2, aes, erms, clmul, bmi1, bmi2, adx, avx512f, avx512dq, avx512cd, avx512bw, avx512vl, sha, fma, vzeroupper, avx512_vpopcntdq, avx512_vpclmulqdq, avx512_vaes, avx512_vnni, clflush, clflushopt, avx512_vbmi2, avx512_vbmi, rdtscp, rdpid, fsrm, gfni, avx512_bitalg, f16c, pku, avx512_ifma
Processor Information for all 16 processors :
  Max Mhz: 2496, Current Mhz: 2496, Mhz Limit: 2496

Memory: 4k page, system-wide physical 16281M (9702M free)
TotalPageFile size 18713M (AvailPageFile size 11053M)
current process WorkingSet (physical memory assigned to process): 173M, peak: 236M
current process commit charge ("private bytes"): 217M, peak: 374M

vm_info: OpenJDK 64-Bit Server VM (21.0.3+9-LTS) for windows-amd64 JRE (21.0.3+9-LTS), built on 2024-04-16T00:00:00Z by "admin" with MS VC++ 17.7 (VS2022)

END.
